2016-09-21 12:56:32,805-0700 51    ERROR [SubProtocolWebSocketHandler] (clientOutboundChannel-1:) No session for [Payload byte[306]][Headers={stompCommand=MESSAGE, nativeHeaders={timestamp=[1474487792677], expires=[1474487802677], subscription=[sub-1], priority=[4], message-id=[ID:hdf-ref-app5.field.hortonworks.com-34822-1474476743345-3:1:1:2:7018], destination=[/topic/driver_events]}, simpMessageType=MESSAGE, simpSubscriptionId=sub-1, simpDestination=/topic/driver_events, simpSessionId=kseivz9f, id=110f02db-cb27-d67e-33d6-d96e102ce17f, timestamp=1474487792805}]
2016-09-21 12:56:32,805-0700 51    ERROR [SubProtocolWebSocketHandler] (clientOutboundChannel-2:) No session for [Payload byte[1]][Headers={nativeHeaders={}, simpMessageType=HEARTBEAT, simpSessionId=kseivz9f, id=e745edf9-e06c-e2bb-583a-f27562058540, timestamp=1474487792805}]
2016-09-21 12:56:32,812-0700 58    ERROR [SubProtocolWebSocketHandler] (clientOutboundChannel-4:) No session for [Payload byte[306]][Headers={stompCommand=MESSAGE, nativeHeaders={timestamp=[1474487792685], expires=[1474487802685], subscription=[sub-0], priority=[4], message-id=[ID:hdf-ref-app5.field.hortonworks.com-34822-1474476743345-3:1:1:1:1739], destination=[/topic/driver_infraction_events]}, simpMessageType=MESSAGE, simpSubscriptionId=sub-0, simpDestination=/topic/driver_infraction_events, simpSessionId=kseivz9f, id=580b47fa-32fa-53f3-d1ff-e5672ad66e86, timestamp=1474487792812}]
2016-09-21 12:56:32,812-0700 58    ERROR [SubProtocolWebSocketHandler] (clientOutboundChannel-5:) No session for [Payload byte[1]][Headers={nativeHeaders={}, simpMessageType=HEARTBEAT, simpSessionId=kseivz9f, id=5d1f255e-6374-6b3c-2ad0-efac86e84de1, timestamp=1474487792812}]
2016-09-21 12:56:32,813-0700 59    ERROR [SubProtocolWebSocketHandler] (clientOutboundChannel-7:) No session for [Payload byte[306]][Headers={stompCommand=MESSAGE, nativeHeaders={timestamp=[1474487792685], expires=[1474487802685], subscription=[sub-1], priority=[4], message-id=[ID:hdf-ref-app5.field.hortonworks.com-34822-1474476743345-3:1:1:2:7019], destination=[/topic/driver_events]}, simpMessageType=MESSAGE, simpSubscriptionId=sub-1, simpDestination=/topic/driver_events, simpSessionId=kseivz9f, id=dd981684-00da-e161-ada8-cb1a77805959, timestamp=1474487792813}]
2016-09-21 12:56:32,813-0700 59    ERROR [SubProtocolWebSocketHandler] (clientOutboundChannel-10:) No session for [Payload byte[1]][Headers={nativeHeaders={}, simpMessageType=HEARTBEAT, simpSessionId=kseivz9f, id=5e176e6f-b01a-f96d-69de-73767c5809e9, timestamp=1474487792813}]
2016-09-21 12:56:35,353-0700 2599  ERROR [StompBrokerRelayMessageHandler] (Thread-3:) Error in shutdown of TCP client
java.util.concurrent.TimeoutException
	at org.springframework.messaging.tcp.reactor.AbstractPromiseToListenableFutureAdapter.get(AbstractPromiseToListenableFutureAdapter.java:84)
	at org.springframework.messaging.simp.stomp.StompBrokerRelayMessageHandler.stopInternal(StompBrokerRelayMessageHandler.java:371)
	at org.springframework.messaging.simp.broker.AbstractBrokerMessageHandler.stop(AbstractBrokerMessageHandler.java:132)
	at org.springframework.messaging.simp.broker.AbstractBrokerMessageHandler.stop(AbstractBrokerMessageHandler.java:146)
	at org.springframework.context.support.DefaultLifecycleProcessor.doStop(DefaultLifecycleProcessor.java:229)
	at org.springframework.context.support.DefaultLifecycleProcessor.access$300(DefaultLifecycleProcessor.java:51)
	at org.springframework.context.support.DefaultLifecycleProcessor$LifecycleGroup.stop(DefaultLifecycleProcessor.java:363)
	at org.springframework.context.support.DefaultLifecycleProcessor.stopBeans(DefaultLifecycleProcessor.java:202)
	at org.springframework.context.support.DefaultLifecycleProcessor.onClose(DefaultLifecycleProcessor.java:118)
	at org.springframework.context.support.AbstractApplicationContext.doClose(AbstractApplicationContext.java:890)
	at org.springframework.context.support.AbstractApplicationContext.close(AbstractApplicationContext.java:843)
	at org.springframework.web.servlet.FrameworkServlet.destroy(FrameworkServlet.java:819)
	at org.eclipse.jetty.servlet.ServletHolder.destroyInstance(ServletHolder.java:404)
	at org.eclipse.jetty.servlet.ServletHolder.doStop(ServletHolder.java:376)
	at org.eclipse.jetty.util.component.AbstractLifeCycle.stop(AbstractLifeCycle.java:90)
	at org.eclipse.jetty.util.component.ContainerLifeCycle.stop(ContainerLifeCycle.java:128)
	at org.eclipse.jetty.util.component.ContainerLifeCycle.doStop(ContainerLifeCycle.java:147)
	at org.eclipse.jetty.server.handler.AbstractHandler.doStop(AbstractHandler.java:71)
	at org.eclipse.jetty.servlet.ServletHandler.doStop(ServletHandler.java:204)
	at org.eclipse.jetty.util.component.AbstractLifeCycle.stop(AbstractLifeCycle.java:90)
	at org.eclipse.jetty.util.component.ContainerLifeCycle.stop(ContainerLifeCycle.java:128)
	at org.eclipse.jetty.util.component.ContainerLifeCycle.doStop(ContainerLifeCycle.java:147)
	at org.eclipse.jetty.server.handler.AbstractHandler.doStop(AbstractHandler.java:71)
	at org.eclipse.jetty.security.SecurityHandler.doStop(SecurityHandler.java:403)
	at org.eclipse.jetty.security.ConstraintSecurityHandler.doStop(ConstraintSecurityHandler.java:455)
	at org.eclipse.jetty.util.component.AbstractLifeCycle.stop(AbstractLifeCycle.java:90)
	at org.eclipse.jetty.util.component.ContainerLifeCycle.stop(ContainerLifeCycle.java:128)
	at org.eclipse.jetty.util.component.ContainerLifeCycle.doStop(ContainerLifeCycle.java:147)
	at org.eclipse.jetty.server.handler.AbstractHandler.doStop(AbstractHandler.java:71)
	at org.eclipse.jetty.server.session.SessionHandler.doStop(SessionHandler.java:125)
	at org.eclipse.jetty.util.component.AbstractLifeCycle.stop(AbstractLifeCycle.java:90)
	at org.eclipse.jetty.util.component.ContainerLifeCycle.stop(ContainerLifeCycle.java:128)
	at org.eclipse.jetty.util.component.ContainerLifeCycle.doStop(ContainerLifeCycle.java:147)
	at org.eclipse.jetty.server.handler.AbstractHandler.doStop(AbstractHandler.java:71)
	at org.eclipse.jetty.server.handler.ContextHandler.doStop(ContextHandler.java:835)
	at org.eclipse.jetty.servlet.ServletContextHandler.doStop(ServletContextHandler.java:217)
	at org.eclipse.jetty.webapp.WebAppContext.doStop(WebAppContext.java:516)
	at org.eclipse.jetty.maven.plugin.JettyWebAppContext.doStop(JettyWebAppContext.java:305)
	at org.eclipse.jetty.util.component.AbstractLifeCycle.stop(AbstractLifeCycle.java:90)
	at org.eclipse.jetty.util.component.ContainerLifeCycle.stop(ContainerLifeCycle.java:128)
	at org.eclipse.jetty.util.component.ContainerLifeCycle.doStop(ContainerLifeCycle.java:147)
	at org.eclipse.jetty.server.handler.AbstractHandler.doStop(AbstractHandler.java:71)
	at org.eclipse.jetty.util.component.AbstractLifeCycle.stop(AbstractLifeCycle.java:90)
	at org.eclipse.jetty.util.component.ContainerLifeCycle.stop(ContainerLifeCycle.java:128)
	at org.eclipse.jetty.util.component.ContainerLifeCycle.doStop(ContainerLifeCycle.java:147)
	at org.eclipse.jetty.server.handler.AbstractHandler.doStop(AbstractHandler.java:71)
	at org.eclipse.jetty.util.component.AbstractLifeCycle.stop(AbstractLifeCycle.java:90)
	at org.eclipse.jetty.util.component.ContainerLifeCycle.stop(ContainerLifeCycle.java:128)
	at org.eclipse.jetty.util.component.ContainerLifeCycle.doStop(ContainerLifeCycle.java:147)
	at org.eclipse.jetty.server.handler.AbstractHandler.doStop(AbstractHandler.java:71)
	at org.eclipse.jetty.server.Server.doStop(Server.java:423)
	at org.eclipse.jetty.util.component.AbstractLifeCycle.stop(AbstractLifeCycle.java:90)
	at org.eclipse.jetty.util.thread.ShutdownThread.run(ShutdownThread.java:132)
