2015-01-20 16:14:22,313-0600 326   INFO  [HDPServiceRegistryImpl] (main:) Starting to populate Service Registry from Ambari
2015-01-20 16:14:25,877-0600 3890  INFO  [HDPServiceRegistryImpl] (main:) Finished Populating Service Registry from Ambari
2015-01-20 16:14:25,885-0600 3898  INFO  [HDPServiceRegistryImpl] (main:) Populating HBase endpoints from HBase Slider Service
2015-01-20 16:14:25,886-0600 3899  INFO  [HBaseSliderUtils] (main:) Executing HBaseSliderUtils Rest Call[http://centralregion08.cloud.hortonworks.com:50472/ws/v1/slider/publisher/slider/hbase-site]
2015-01-20 16:14:26,964-0600 4977  INFO  [HBaseSliderUtils] (main:) Executing HBaseSliderUtils Rest Call[http://centralregion08.cloud.hortonworks.com:50472/ws/v1/slider/publisher/slider/hbase-site]
2015-01-20 16:14:27,230-0600 5243  INFO  [HBaseSliderUtils] (main:) Executing HBaseSliderUtils Rest Call[http://centralregion08.cloud.hortonworks.com:50472/ws/v1/slider/publisher/slider/hbase-site]
2015-01-20 16:14:27,507-0600 5520  INFO  [HDPServiceRegistryImpl] (main:) Finished Populating HBase endpoints from HBaseSliderUtils
2015-01-20 16:14:27,516-0600 5529  INFO  [HDPServiceRegistryImpl] (main:) Populating Storm endpoints from Storm Slider Service
2015-01-20 16:14:27,516-0600 5529  INFO  [StormSliderUtils] (main:) Executing StormSliderUtils Rest Call[http://centralregion09.cloud.hortonworks.com:46638/ws/v1/slider/publisher/slider/storm-site]
2015-01-20 16:14:28,189-0600 6202  INFO  [StormSliderUtils] (main:) Executing StormSliderUtils Rest Call[http://centralregion09.cloud.hortonworks.com:46638/ws/v1/slider/publisher/slider/storm-site]
2015-01-20 16:14:28,459-0600 6472  INFO  [StormSliderUtils] (main:) Executing StormSliderUtils Rest Call[http://centralregion09.cloud.hortonworks.com:46638/ws/v1/slider/publisher/slider/quicklinks]
2015-01-20 16:14:28,732-0600 6745  INFO  [StormSliderUtils] (main:) Executing StormSliderUtils Rest Call[http://centralregion09.cloud.hortonworks.com:46638/ws/v1/slider/publisher/slider/storm-site]
2015-01-20 16:14:29,059-0600 7072  INFO  [StormSliderUtils] (main:) Executing StormSliderUtils Rest Call[http://centralregion09.cloud.hortonworks.com:46638/ws/v1/slider/publisher/slider/storm-site]
2015-01-20 16:14:29,347-0600 7360  INFO  [HDPServiceRegistryImpl] (main:) Finished Populating Storm endpoints from StormSliderUtils
2015-01-20 16:14:29,349-0600 7362  INFO  [TruckEventProcessorKafkaTopologyTest] (main:) {hdfs.file.prefix=truckEvents, notification.topic.alerts.name=driver_alert_notifications, notification.email=false, storm.trucker.topology.workers=4, notification.topic=true, notification.email.subject=Unsafe Driving Alerts, hdfsbolt.thread.count=4, hive.metastore.url=thrift://centralregion03.cloud.hortonworks.com:9083, kafka.topic=truck_events, notification.topic.password=admin, hdfs.file.rotation.time.minutes=10, hbase.phoenix.url=jdbc:phoenix:centralregion01.cloud.hortonworks.com:2181:/services/slider/users/yarn/hbase-on-yarn-v30, solr.bolt.thread.count=4, hbase.persist.all.events=false, hiveserver2.connection.url=jdbc:hive2://centralregion03.cloud.hortonworks.com:10000, notification.all.events.notification.topic=true, hive.staging.table.name=truck_events_text_partition_single, kafka.consumer.group.id=group1, notification.topic.user=admin, kafka.zookeeper.host.port=centralregion01.cloud.hortonworks.com:2181, mail.smtp.port=25, notification.topic.events.name=driver_infraction_events, kafka.zkRoot=, solr.server.url=http://george-search01.cloud.hortonworks.com:8983/solr, hdfs.url=hdfs://centralregion01.cloud.hortonworks.com:8020, hiveserver2.connect.user=yarn, hive.database.name=default, hbase.zookeeper.client.port=2181, spout.thread.count=5, phoenix.enable=false, bolt.thread.count=1, notification.topic.connection.url=tcp://george-activemq01.cloud.hortonworks.com:61616, solr.index.enable=false, notification.email.address=gvetticaden@hortonworks.com, notification.all.events.notification.topic.name=driver_events, solr.index.name=truck_event_logs, hbase.zookeeper.znode.parent=/services/slider/users/yarn/hbase-on-yarn-v30, hdfs.path=/truck-events-v4, storm.topology.jar=/Users/gvetticaden/.m2/repository/hortonworks/hdp/refapp/trucking/trucking-storm-topology/2.0-SNAPSHOT/trucking-storm-topology-2.0-SNAPSHOT-shaded.jar, hbase.zookeeper.host=centralregion01.cloud.hortonworks.com}
2015-01-20 16:14:29,568-0600 7581  INFO  [TruckEventProcessorKafkaTopology] (main:) Solr indexing turned off
2015-01-20 16:14:29,571-0600 7584  INFO  [TruckEventRuleEngine] (main:) TruckEventRuleEngine configured to NOT send alerts
2015-01-20 16:14:29,578-0600 7591  INFO  [TruckHBaseBolt] (main:) The PersistAllEvents Flag is set to: false
2015-01-20 16:14:29,579-0600 7592  INFO  [TruckEventProcessorKafkaTopology] (main:) HBase enabled for real-time
2015-01-20 16:14:29,772-0600 7785  INFO  [StormUtils] (main:) Uploading storm topology Jar[/Users/gvetticaden/.m2/repository/hortonworks/hdp/refapp/trucking/trucking-storm-topology/2.0-SNAPSHOT/trucking-storm-topology-2.0-SNAPSHOT-shaded.jar] to Nimbus Host[centralregion10.cloud.hortonworks.com]
2015-01-20 16:17:00,424-0600 158437 INFO  [StormUtils] (main:) Finished uploading storm topology Jar[/Users/gvetticaden/.m2/repository/hortonworks/hdp/refapp/trucking/trucking-storm-topology/2.0-SNAPSHOT/trucking-storm-topology-2.0-SNAPSHOT-shaded.jar] to Nimbus Host[centralregion10.cloud.hortonworks.com] in the following location[/mnt/hadoop/yarn/local/usercache/yarn/appcache/application_1420371352955_12982/container_1420371352955_12982_01_000002/app/tmp/storm/nimbus/inbox/stormjar-37c4d1e6-7bc6-4f79-ae3d-49c4000739ac.jar]
2015-01-20 16:17:01,138-0600 159151 INFO  [StormUtils] (main:) Topology[truck-event-processor] is not up. There is nothing to kill
2015-01-20 16:17:11,139-0600 169152 INFO  [StormUtils] (main:) Started Deployment of topology[truck-event-processor]
2015-01-20 16:17:12,004-0600 170017 INFO  [StormUtils] (main:) Completed Deployment of topology[truck-event-processor]
